1564155824027	mozrunner::runner	INFO	Running command: "C:\\Program Files (x86)\\Mozilla Firefox\\firefox.exe" "-marionette" "-foreground" "-no-remote" "-profile" "C:\\Users\\SCOTT_~1\\AppData\\Local\\Temp\\rust_mozprofile.Iz4PT2Yczyjy"
1564155824458	addons.webextension.screenshots@mozilla.org	WARN	Loading extension 'screenshots@mozilla.org': Reading manifest: Invalid extension permission: mozillaAddons
1564155824458	addons.webextension.screenshots@mozilla.org	WARN	Loading extension 'screenshots@mozilla.org': Reading manifest: Invalid extension permission: telemetry
1564155824459	addons.webextension.screenshots@mozilla.org	WARN	Loading extension 'screenshots@mozilla.org': Reading manifest: Invalid extension permission: resource://pdf.js/
1564155824459	addons.webextension.screenshots@mozilla.org	WARN	Loading extension 'screenshots@mozilla.org': Reading manifest: Invalid extension permission: about:reader*
1564155826138	Marionette	INFO	Listening on port 50643
1564155826142	Marionette	WARN	TLS certificate errors will be ignored for this session
console.warn: "Error while detaching the thread front: 'detach' request packet to 'server1.conn0.child1/context18' can't be sent as the connection is closed."
[Parent 11452, Gecko_IOThread] WARNING: pipe error: 109: file z:/task_1563383129/build/src/ipc/chromium/src/chrome/common/ipc_channel_win.cc, line 341
[Parent 11452, Gecko_IOThread] WARNING: pipe error: 109: file z:/task_1563383129/build/src/ipc/chromium/src/chrome/common/ipc_channel_win.cc, line 341
[Child 5828, Chrome_ChildThread] WARNING: pipe error: 109: file z:/task_1563383129/build/src/ipc/chromium/src/chrome/common/ipc_channel_win.cc, line 341
[Child 5828, Chrome_ChildThread] [Child 3140, Chrome_ChildThread] WARNING: pipe error: 109: file z:/task_1563383129/build/src/ipc/chromium/src/chrome/common/ipc_channel_win.cc, line 341
[Child 3140, [Parent 11452, Gecko_IOThread] WARNING: pipe error: 109: file z:/task_1563383129/build/src/ipc/chromium/src/chrome/common/ipc_channel_win.cc, line 341
[Child 16808, Chrome_ChildThread] WARNING: pipe error: 109: file z:/task_1563383129/build/src/ipc/chromium/src/chrome/common/ipc_channel_win.cc, line 341
[Child 16808, Chrome_ChildThread] 1564155894746	Marionette	INFO	Stopped listening on port 50643

###!!! [Child][RunMessage] Error: Channel closing: too late to send/recv, messages will be lost

[GP
###!!! [Child][MessageChannel::SendAndWait] Error: Channel error: cannot send/recv

1564155914774	mozrunner::runner	INFO	Running command: "C:\\Program Files (x86)\\Mozilla Firefox\\firefox.exe" "-marionette" "-foreground" "-no-remote" "-profile" "C:\\Users\\SCOTT_~1\\AppData\\Local\\Temp\\rust_mozprofile.07QUqTlbLsW8"
1564155915181	addons.webextension.screenshots@mozilla.org	WARN	Loading extension 'screenshots@mozilla.org': Reading manifest: Invalid extension permission: mozillaAddons
1564155915181	addons.webextension.screenshots@mozilla.org	WARN	Loading extension 'screenshots@mozilla.org': Reading manifest: Invalid extension permission: telemetry
1564155915182	addons.webextension.screenshots@mozilla.org	WARN	Loading extension 'screenshots@mozilla.org': Reading manifest: Invalid extension permission: resource://pdf.js/
1564155915182	addons.webextension.screenshots@mozilla.org	WARN	Loading extension 'screenshots@mozilla.org': Reading manifest: Invalid extension permission: about:reader*
1564155916732	Marionette	INFO	Listening on port 50786
1564155916891	Marionette	WARN	TLS certificate errors will be ignored for this session
JavaScript error: http://inventwithpython.com/js/bootstrap.min.js, line 7: Error: Bootstrap tooltips require Tether (http://tether.io/)
[Parent 18024, Gecko_IOThread] WARNING: pipe error: 109: file z:/task_1563383129/build/src/ipc/chromium/src/chrome/common/ipc_channel_win.cc, line 341
[Child 232, Chrome_ChildThread] WARNING: pipe error: 109: file z:/task_1563383129/build/src/ipc/chromium/src/chrome/common/ipc_channel_win.cc, line 341
[Child 232, Chrome_Chi[Parent 18024, Gecko_IOThread] WARNING: pipe error: 109: file z:/task_1563383129/build/src/ipc/chromium/src/chrome/common/ipc_channel_win.cc, line 341
[Parent 18024, Gecko_IOThread] WARNING: pipe error: 109: file z:/task_1563383129/build/src/ipc/chromium/src/chrome/common/ipc_channel_win.cc, line 341
[Child 13376, Chrome_ChildThread] WARNING: pipe error: 109: file z:/task_1563383129/build/src/ipc/chromium/src/chrome/common/ipc_channel_win.cc, line 341
[Child [1Child 5824, Chrome_ChildThread] WARNING: pipe error: 109: file z:/task_1563383129/build/src/ipc/chromium/src/chrome/common/ipc_channel_win.cc, line 341
[Child 5824, [Parent 18024, Gecko_IOThread] WARNING: pipe error: 109: file z:/task_1563383129/build/src/ipc/chromium/src/chrome/common/ipc_channel_win.cc, line 341
[Child 15040, Chrome_ChildThread] WARNING: pipe error: 109: file z:/task_1563383129/build/src/ipc/chromium/src/chrome/common/ipc_channel_win.cc, line 341
[Child 15040, Chrome_ChildThread] 1564155996687	Marionette	INFO	Stopped listening on port 50786
[GP
###!!! [Child][MessageChannel::SendAndWait] Error: Channel error: cannot send/recv

1564294004595	mozrunner::runner	INFO	Running command: "C:\\Program Files (x86)\\Mozilla Firefox\\firefox.exe" "-marionette" "-foreground" "-no-remote" "-profile" "C:\\Users\\SCOTT_~1\\AppData\\Local\\Temp\\rust_mozprofile.2aADF2YISPFe"
1564294005191	addons.webextension.screenshots@mozilla.org	WARN	Loading extension 'screenshots@mozilla.org': Reading manifest: Invalid extension permission: mozillaAddons
1564294005191	addons.webextension.screenshots@mozilla.org	WARN	Loading extension 'screenshots@mozilla.org': Reading manifest: Invalid extension permission: telemetry
1564294005191	addons.webextension.screenshots@mozilla.org	WARN	Loading extension 'screenshots@mozilla.org': Reading manifest: Invalid extension permission: resource://pdf.js/
1564294005191	addons.webextension.screenshots@mozilla.org	WARN	Loading extension 'screenshots@mozilla.org': Reading manifest: Invalid extension permission: about:reader*
1564294006862	Marionette	INFO	Listening on port 60706
1564294007313	Marionette	WARN	TLS certificate errors will be ignored for this session
JavaScript error: http://inventwithpython.com/js/bootstrap.min.js, line 7: Error: Bootstrap tooltips require Tether (http://tether.io/)
JavaScript error: http://inventwithpython.com/js/bootstrap.min.js, line 7: Error: Bootstrap tooltips require Tether (http://tether.io/)
console.error: BroadcastService: 
  receivedBroadcastMessage: handler for
  remote-settings/monitor_changes
  threw error:
  Message: Error: Polling for changes failed: http://%(server)s/dummy/blocklist//buckets/monitor/collections/changes/records?_expected=%221564162743647%22 is not a valid URL..
  Stack:
    remoteSettingsFunction/remoteSettings.pollChanges@resource://services-settings/remote-settings.js:201:13

JavaScript error: http://inventwithpython.com/js/bootstrap.min.js, line 7: Error: Bootstrap tooltips require Tether (http://tether.io/)
[Parent 94108, Gecko_IOThread] WARNING: pipe error: 109: file z:/task_1563383129/build/src/ipc/chromium/src/chrome/common/ipc_channel_win.cc, line 341
[Parent 94108, Gecko_IOThread] WARNING: pipe error: 109: file z:/task_1563383129/build/src/ipc/chromium/src/chrome/common/ipc_channel_win.cc, line 341
[Child 90252, Chrome_ChildThread] WARNING: pipe error: 109: file z:/task_1563383129/build/src/ipc/chromium/src/chrome/common/ipc_channel_win.cc, line 341
[C[Child 81036, Chrome_ChildThread] WARNING: pipe error: 109: file z:/task_1563383129/build/src/ipc/chromium/src/chrome/common/ipc_channel_win.cc, line 341
[Child 81036, C[Parent 94108, Gecko_IOThread] WARNING: pipe error: 109: file z:/task_1563383129/build/src/ipc/chromium/src/chrome/common/ipc_channel_win.cc, line 341
[Child 85104, Chrome_ChildThread] WARNING: pipe error: 109: file z:/task_1563383129/build/src/ipc/chromium/src/chrome/common/ipc_channel_win.cc, line 341
[Child 85104, Chrome_Child1564360344092	Marionette	INFO	Stopped listening on port 60706

###!!! [Child][MessageChannel::SendAndWait] Error: Channel error: cannot send/recv

tstrap.min.js, line 7: Error: Bootstrap tooltips require Tether (http://tether.io/)
[Parent 20228, Gecko_IOThread] WARNING: pipe error: 109: file z:/task_1563383129/build/src/ipc/chromium/src/chrome/common/ipc_channel_win.cc, line 341
[Parent 20228, Gecko_IOThread] WARNING: pipe error: 109: file z:/task_1563383129/build/src/ipc/chromium/src/chrome/common/ipc_channel_win.cc, line 341
[Child 19412, Chrome_ChildThread] WARNING: pipe error: 109: file z:/task_1563383129/build/src/ipc/chromium/src/chrome/common/ipc_channel_win.cc, line 341
[Child 19412, Ch[Parent 20228, Gecko_IOThread] WARNING: pipe error: 109: file z:/task_1563383129/build/src/ipc/chromium/src/chrome/common/ipc_channel_win.cc, line 341
[Child 20632, Chrome_ChildThread] WARNING: pipe error: 109: file z:/task_1563383129/build/src/ipc/chromium/src/chrome/common/ipc_channel_win.cc, line 341
[Child 20632, Ch1564295788726	Marionette	INFO	Stopped listening on port 61352
[GPU 22496, 
###!!! [Child][RunMessage] Error: Channel closing: too late to send/recv, messages will be lost


###!!! [Child][MessageChannel::SendAndWait] Error: Channel error: cannot send/recv

1564295821108	mozrunner::runner	INFO	Running command: "C:\\Program Files (x86)\\Mozilla Firefox\\firefox.exe" "-marionette" "-foreground" "-no-remote" "-profile" "C:\\Users\\SCOTT_~1\\AppData\\Local\\Temp\\rust_mozprofile.LOqU9YBdtsNa"
1564295821521	addons.webextension.screenshots@mozilla.org	WARN	Loading extension 'screenshots@mozilla.org': Reading manifest: Invalid extension permission: mozillaAddons
1564295821521	addons.webextension.screenshots@mozilla.org	WARN	Loading extension 'screenshots@mozilla.org': Reading manifest: Invalid extension permission: telemetry
1564295821521	addons.webextension.screenshots@mozilla.org	WARN	Loading extension 'screenshots@mozilla.org': Reading manifest: Invalid extension permission: resource://pdf.js/
1564295821521	addons.webextension.screenshots@mozilla.org	WARN	Loading extension 'screenshots@mozilla.org': Reading manifest: Invalid extension permission: about:reader*
1564295823028	Marionette	INFO	Listening on port 61430
1564295823244	Marionette	WARN	TLS certificate errors will be ignored for this session
JavaScript error: http://inventwithpython.com/js/bootstrap.min.js, line 7: Error: Bootstrap tooltips require Tether (http://tether.io/)
[Parent 18680, Gecko_IOThread] WARNING: pipe error: 109: file z:/task_1563383129/build/src/ipc/chromium/src/chrome/common/ipc_channel_win.cc, line 341
[Child 16192, Chrome_ChildThread] WARNING: pipe error: 109: file z:/task_1563383129/build/src/ipc/chromium/src/chrome/common/ipc_channel_win.cc, line 341
[Child 16192, Chrome_ChildThread] WARNING: pipe error: 109: file z:/task_15633831[Parent 18680, Gecko_IOThread] WARNING: pipe error: 109: file z:/task_1563383129/build/src/ipc/chromium/src/chrome/common/ipc_channel_win.cc, line 341
[Child 105608, Chrome_ChildThread] WARNING: pipe error: 109: file z:/task_1563383129/build/src/ipc/chromium/src/chrome/common/ipc_channel_win.cc, line 341
[Child 10560[Parent 18680, Gecko_IOThread] WARNING: pipe error: 109: file z:/task_1563383129/build/src/ipc/chromium/src/chrome/common/ipc_channel_win.cc, line 341
[Child 81728, Chrome_ChildThread] WARNING: pipe error: 109: file z:/task_1563383129/build/src/ipc/chromium/src/chrome/common/ipc_channel_win.cc, line 341
[Child 8171564360343197	Marionette	INFO	Stopped listening on port 61430
1564360411815	mozrunner::runner	INFO	Running command: "C:\\Program Files (x86)\\Mozilla Firefox\\firefox.exe" "-marionette" "-foreground" "-no-remote" "-profile" "C:\\Users\\SCOTT_~1\\AppData\\Local\\Temp\\rust_mozprofile.8SLclXVeMlce"
1564360412336	addons.webextension.screenshots@mozilla.org	WARN	Loading extension 'screenshots@mozilla.org': Reading manifest: Invalid extension permission: mozillaAddons
1564360412336	addons.webextension.screenshots@mozilla.org	WARN	Loading extension 'screenshots@mozilla.org': Reading manifest: Invalid extension permission: telemetry
1564360412336	addons.webextension.screenshots@mozilla.org	WARN	Loading extension 'screenshots@mozilla.org': Reading manifest: Invalid extension permission: resource://pdf.js/
1564360412336	addons.webextension.screenshots@mozilla.org	WARN	Loading extension 'screenshots@mozilla.org': Reading manifest: Invalid extension permission: about:reader*
1564360413906	Marionette	INFO	Listening on port 51533
1564360413927	Marionette	WARN	TLS certificate errors will be ignored for this session
[Parent 84968, Gecko_IOThread] WARNING: pipe error: 109: file z:/task_1563383129/build/src/ipc/chromium/src/chrome/common/ipc_channel_win.cc, line 341
[Parent 84968, Gecko_IOThread] WARNING: pipe error: 109: file z:/task_1563383129/build/src/ipc/chromium/src/chrome/common/ipc_channel_win.cc, line 341
[Child 14536, Chrome_ChildThread] WARNING: pipe error: 109: file z:/task_1563383129/build/src/ipc/chromium/src/chrome/common/ipc_channel_win.cc, line[ C3h4i1l
d 94392, Chro[Child 1me_ChildThread] WARNING: pipe error: 109: file z:/task_1563383129/build/src/ipc/chromium/src/chrome/common/ipc_channel_win.cc, line 341
[Child 94392, C[Parent 84968, Gecko_IOThread] WARNING: pipe error: 109: file z:/task_1563383129/build/src/ipc/chromium/src/chrome/common/ipc_channel_win.cc, line 341
[Child 74440, Chrome_ChildThread] WARNING: pipe error: 109: file z:/task_1563383129/build/src/ipc/chromium/src/chrome/common/ipc_channel_win.cc, line 341
[Child 74440, Chr1564360432974	Marionette	INFO	Stopped listening on port 51533

###!!! [Child][RunMessage] Error: Channel closing: too late to send/recv, messages will be lost

[GPU 23
###!!! [Child][MessageChannel::SendAndWait] Error: Channel error: cannot send/recv

1564547803431	mozrunner::runner	INFO	Running command: "C:\\Program Files (x86)\\Mozilla Firefox\\firefox.exe" "-marionette" "-foreground" "-no-remote" "-profile" "C:\\Users\\SCOTT_~1\\AppData\\Local\\Temp\\rust_mozprofile.CMJjblXfNQKh"
1564547803881	addons.webextension.screenshots@mozilla.org	WARN	Loading extension 'screenshots@mozilla.org': Reading manifest: Invalid extension permission: mozillaAddons
1564547803881	addons.webextension.screenshots@mozilla.org	WARN	Loading extension 'screenshots@mozilla.org': Reading manifest: Invalid extension permission: telemetry
1564547803882	addons.webextension.screenshots@mozilla.org	WARN	Loading extension 'screenshots@mozilla.org': Reading manifest: Invalid extension permission: resource://pdf.js/
1564547803882	addons.webextension.screenshots@mozilla.org	WARN	Loading extension 'screenshots@mozilla.org': Reading manifest: Invalid extension permission: about:reader*
1564547805645	Marionette	INFO	Listening on port 55346
1564547806143	Marionette	WARN	TLS certificate errors will be ignored for this session
JavaScript error: http://inventwithpython.com/js/bootstrap.min.js, line 7: Error: Bootstrap tooltips require Tether (http://tether.io/)
JavaScript error: http://inventwithpython.com/js/bootstrap.min.js, line 7: Error: Bootstrap tooltips require Tether (http://tether.io/)
1564548096075	Marionette	INFO	Stopped listening on port 55346
[Parent 98868, Gecko_IOThread] WARNING: pipe error: 109: file z:/task_1563383129/build/src/ipc/chromium/src/chrome/common/ipc_channel_win.cc, line 341
[Child 29412, Chrome_ChildThread] WARNING: pipe error: 109: file z:/task_1563383129/build/src/ipc/chromium/src/chrome/common/ipc_channel_win.cc, line 341
[Child 29412, Chrome_ChildThread] WA[Child 94152, Chrome_ChildThread] WARNING: pipe error: 109: file z:/task_1563383129/build/src/ipc/chromium/src/chrome/common/ipc_channel_win.cc, line 341
[Child 94152, Chrome_ChildThread] WARNIN[Parent 98868, Gecko_IOThread] WARNING: pipe error: 109: file z:/task_1563383129/build/src/ipc/chromium/src/chrome/common/ipc_channel_win.cc, line 341

###!!! [Child][MessageChannel::SendAndWait] Error: Channel error: cannot send/recv

1564548397470	mozrunner::runner	INFO	Running command: "C:\\Program Files (x86)\\Mozilla Firefox\\firefox.exe" "-marionette" "-foreground" "-no-remote" "-profile" "C:\\Users\\SCOTT_~1\\AppData\\Local\\Temp\\rust_mozprofile.5UgJ2LkehdVz"
1564548397882	addons.webextension.screenshots@mozilla.org	WARN	Loading extension 'screenshots@mozilla.org': Reading manifest: Invalid extension permission: mozillaAddons
1564548397883	addons.webextension.screenshots@mozilla.org	WARN	Loading extension 'screenshots@mozilla.org': Reading manifest: Invalid extension permission: telemetry
1564548397883	addons.webextension.screenshots@mozilla.org	WARN	Loading extension 'screenshots@mozilla.org': Reading manifest: Invalid extension permission: resource://pdf.js/
1564548397883	addons.webextension.screenshots@mozilla.org	WARN	Loading extension 'screenshots@mozilla.org': Reading manifest: Invalid extension permission: about:reader*
1564548399529	Marionette	INFO	Listening on port 55980
1564548399594	Marionette	WARN	TLS certificate errors will be ignored for this session
console.error: "Error while calling actor 'layout's method 'getGrids'" "node is null"
console.error: "getGrids@resource://devtools/server/actors/layout.js:443:26\ngetGrids@resource://devtools/server/actors/layout.js:448:43\nhandler@resource://devtools/shared/protocol.js:1189:37\nonPacket@resource://devtools/server/main.js:1291:58\nreceiveMessage@resource://devtools/shared/transport/child-transport.js:66:16\n"
JavaScript error: https://s.yimg.com/wm/mbr/3fc9dd236a3fda22a77e215d649db819f22b032a/bundle.js, line 109: TypeError: e is null
JavaScript error: https://s.yimg.com/wm/mbr/3fc9dd236a3fda22a77e215d649db819f22b032a/bundle.js, line 105: ReferenceError: rapidInstance is not defined
console.warn: LoginRecipes: "getRecipes: falling back to a synchronous message for:" "https://login.yahoo.com"
console.warn: nsLoginManager: "searchLogins: `formSubmitURL` or `httpRealm` is recommended"
JavaScript error: https://s.yimg.com/wm/mbr/3fc9dd236a3fda22a77e215d649db819f22b032a/bundle.js, line 109: TypeError: right-hand side of 'in' should be an object, got null
JavaScript error: https://s.yimg.com/wm/mbr/3fc9dd236a3fda22a77e215d649db819f22b032a/bundle.js, line 109: TypeError: e is null
console.warn: "Error while detaching the thread front: 'detach' request packet to 'server1.conn0.child1/context18' can't be sent as the connection is closed."
JavaScript error: https://s.yimg.com/wm/mbr/3fc9dd236a3fda22a77e215d649db819f22b032a/bundle.js, line 109: TypeError: e is null
console.warn: LoginRecipes: "getRecipes: falling back to a synchronous message for:" "https://login.yahoo.com"
console.warn: nsLoginManager: "searchLogins: `formSubmitURL` or `httpRealm` is recommended"
JavaScript error: https://s.yimg.com/wm/mbr/3fc9dd236a3fda22a77e215d649db819f22b032a/bundle.js, line 109: TypeError: right-hand side of 'in' should be an object, got null
JavaScript error: https://s.yimg.com/wm/mbr/3fc9dd236a3fda22a77e215d649db819f22b032a/bundle.js, line 109: TypeError: e is null
JavaScript error: https://s.yimg.com/wm/mbr/3fc9dd236a3fda22a77e215d649db819f22b032a/bundle.js, line 109: TypeError: e is null
console.warn: LoginRecipes: "getRecipes: falling back to a synchronous message for:" "https://login.yahoo.com"
console.warn: nsLoginManager: "searchLogins: `formSubmitURL` or `httpRealm` is recommended"
JavaScript error: https://s.yimg.com/wm/mbr/3fc9dd236a3fda22a77e215d649db819f22b032a/bundle.js, line 109: TypeError: e is null
JavaScript warning: resource:///modules/UrlbarView.jsm, line 123: Array.reduce is deprecated; use Array.prototype.reduce instead
JavaScript error: https://pythonspot.com/js/index.js, line 1: ReferenceError: $ is not defined
console.error: "Error while calling actor 'layout's method 'getGrids'" "node is null"
console.error: "getGrids@resource://devtools/server/actors/layout.js:443:26\ngetGrids@resource://devtools/server/actors/layout.js:448:43\nhandler@resource://devtools/shared/protocol.js:1189:37\nonPacket@resource://devtools/server/main.js:1291:58\nreceiveMessage@resource://devtools/shared/transport/child-transport.js:66:16\n"
JavaScript error: https://s.yimg.com/wm/mbr/3fc9dd236a3fda22a77e215d649db819f22b032a/bundle.js, line 109: TypeError: e is null
JavaScript error: https://s.yimg.com/wm/mbr/3fc9dd236a3fda22a77e215d649db819f22b032a/bundle.js, line 109: TypeError: right-hand side of 'in' should be an object, got null
JavaScript error: https://s.yimg.com/wm/mbr/3fc9dd236a3fda22a77e215d649db819f22b032a/bundle.js, line 109: TypeError: right-hand side of 'in' should be an object, got null
JavaScript error: https://s.yimg.com/wm/mbr/3fc9dd236a3fda22a77e215d649db819f22b032a/bundle.js, line 109: TypeError: right-hand side of 'in' should be an object, got null
JavaScript error: https://s.yimg.com/wm/mbr/3fc9dd236a3fda22a77e215d649db819f22b032a/bundle.js, line 109: TypeError: right-hand side of 'in' should be an object, got null
JavaScript error: https://s.yimg.com/wm/mbr/3fc9dd236a3fda22a77e215d649db819f22b032a/bundle.js, line 109: TypeError: right-hand side of 'in' should be an object, got null
JavaScript error: https://s.yimg.com/wm/mbr/3fc9dd236a3fda22a77e215d649db819f22b032a/bundle.js, line 109: TypeError: e is null
JavaScript error: https://s.yimg.com/wm/mbr/3fc9dd236a3fda22a77e215d649db819f22b032a/bundle.js, line 109: TypeError: e is null
JavaScript error: https://s.yimg.com/wm/mbr/3fc9dd236a3fda22a77e215d649db819f22b032a/bundle.js, line 109: TypeError: e is null
JavaScript error: https://s.yimg.com/wm/mbr/3fc9dd236a3fda22a77e215d649db819f22b032a/bundle.js, line 109: TypeError: e is null
JavaScript error: https://s.yimg.com/wm/mbr/3fc9dd236a3fda22a77e215d649db819f22b032a/bundle.js, line 109: TypeError: right-hand side of 'in' should be an object, got null
JavaScript error: https://s.yimg.com/wm/mbr/3fc9dd236a3fda22a77e215d649db819f22b032a/bundle.js, line 109: TypeError: right-hand side of 'in' should be an object, got null
JavaScript error: https://s.yimg.com/wm/mbr/3fc9dd236a3fda22a77e215d649db819f22b032a/bundle.js, line 109: TypeError: right-hand side of 'in' should be an object, got null
JavaScript error: https://s.yimg.com/wm/mbr/3fc9dd236a3fda22a77e215d649db819f22b032a/bundle.js, line 109: TypeError: right-hand side of 'in' should be an object, got null
JavaScript error: https://s.yimg.com/wm/mbr/3fc9dd236a3fda22a77e215d649db819f22b032a/bundle.js, line 109: TypeError: right-hand side of 'in' should be an object, got null
JavaScript error: https://s.yimg.com/wm/mbr/3fc9dd236a3fda22a77e215d649db819f22b032a/bundle.js, line 109: TypeError: right-hand side of 'in' should be an object, got null
JavaScript error: https://s.yimg.com/wm/mbr/3fc9dd236a3fda22a77e215d649db819f22b032a/bundle.js, line 109: TypeError: right-hand side of 'in' should be an object, got null
JavaScript error: https://s.yimg.com/wm/mbr/3fc9dd236a3fda22a77e215d649db819f22b032a/bundle.js, line 109: TypeError: right-hand side of 'in' should be an object, got null
JavaScript error: https://s.yimg.com/wm/mbr/3fc9dd236a3fda22a77e215d649db819f22b032a/bundle.js, line 109: TypeError: right-hand side of 'in' should be an object, got null
JavaScript error: https://s.yimg.com/wm/mbr/3fc9dd236a3fda22a77e215d649db819f22b032a/bundle.js, line 109: TypeError: right-hand side of 'in' should be an object, got null
JavaScript error: https://s.yimg.com/wm/mbr/3fc9dd236a3fda22a77e215d649db819f22b032a/bundle.js, line 109: TypeError: e is null
JavaScript error: https://s.yimg.com/wm/mbr/3fc9dd236a3fda22a77e215d649db819f22b032a/bundle.js, line 109: TypeError: e is null
JavaScript error: https://s.yimg.com/wm/mbr/3fc9dd236a3fda22a77e215d649db819f22b032a/bundle.js, line 109: TypeError: e is null
JavaScript error: https://s.yimg.com/wm/mbr/3fc9dd236a3fda22a77e215d649db819f22b032a/bundle.js, line 109: TypeError: right-hand side of 'in' should be an object, got null
JavaScript error: https://s.yimg.com/wm/mbr/3fc9dd236a3fda22a77e215d649db819f22b032a/bundle.js, line 109: TypeError: right-hand side of 'in' should be an object, got null
JavaScript error: https://s.yimg.com/wm/mbr/3fc9dd236a3fda22a77e215d649db819f22b032a/bundle.js, line 109: TypeError: right-hand side of 'in' should be an object, got null
JavaScript error: https://s.yimg.com/wm/mbr/3fc9dd236a3fda22a77e215d649db819f22b032a/bundle.js, line 109: TypeError: right-hand side of 'in' should be an object, got null
JavaScript error: https://s.yimg.com/wm/mbr/3fc9dd236a3fda22a77e215d649db819f22b032a/bundle.js, line 109: TypeError: right-hand side of 'in' should be an object, got null
JavaScript error: https://s.yimg.com/wm/mbr/3fc9dd236a3fda22a77e215d649db819f22b032a/bundle.js, line 109: TypeError: right-hand side of 'in' should be an object, got null
JavaScript error: https://s.yimg.com/wm/mbr/3fc9dd236a3fda22a77e215d649db819f22b032a/bundle.js, line 109: TypeError: right-hand side of 'in' should be an object, got null
JavaScript error: https://s.yimg.com/wm/mbr/3fc9dd236a3fda22a77e215d649db819f22b032a/bundle.js, line 109: TypeError: right-hand side of 'in' should be an object, got null
JavaScript error: https://s.yimg.com/wm/mbr/3fc9dd236a3fda22a77e215d649db819f22b032a/bundle.js, line 109: TypeError: right-hand side of 'in' should be an object, got null
JavaScript error: https://s.yimg.com/wm/mbr/3fc9dd236a3fda22a77e215d649db819f22b032a/bundle.js, line 109: TypeError: right-hand side of 'in' should be an object, got null
console.error: "TypeError: currentNode is null: canMutationImpactCurrentStyles@resource://devtools/client/inspector/shared/style-change-tracker.js:64:20\nonMutations@resource://devtools/client/inspector/shared/style-change-tracker.js:82:11\nemit@resource://devtools/shared/event-emitter.js:186:24\nemit@resource://devtools/shared/event-emitter.js:267:18\ngetMutations/<@resource://devtools/shared/fronts/inspector.js:402:12\n"
TypeError: currentNode is null: canMutationImpactCurrentStyles@resource://devtools/client/inspector/shared/style-change-tracker.js:64:20
onMutations@resource://devtools/client/inspector/shared/style-change-tracker.js:82:11
emit@resource://devtools/shared/event-emitter.js:186:24
emit@resource://devtools/shared/event-emitter.js:267:18
getMutations/<@resource://devtools/shared/fronts/inspector.js:402:12

JavaScript error: https://productcentral.yahoo.com/products/lastpass-families, line 189: TypeError: document.getElementById(...).childNodes[1].childNodes[3].childNodes[1] is undefined
JavaScript error: https://s.yimg.com/wm/mbr/3fc9dd236a3fda22a77e215d649db819f22b032a/bundle.js, line 127: TypeError: r is null
[Parent 40168, Gecko_IOThread] WARNING: pipe error: 109: file z:/task_1563383129/build/src/ipc/chromium/src/chrome/common/ipc_channel_win.cc, line 341
[Parent 40168, Gecko_IOThread] WARNING: pipe error: 109: file z:/task_1563383129/build/src/ipc/chromium/src/chrome/common/ipc_channel_win.cc, line 341
console.error: "Error while calling actor 'layout's method 'getGrids'" "node is null"
console.error: "getGrids@resource://devtools/server/actors/layout.js:443:26\ngetGrids@resource://devtools/server/actors/layout.js:448:43\ngetGrids@resource://devtools/server/actors/layout.js:448:43\nhandler@resource://devtools/shared/protocol.js:1189:37\nonPacket@resource://devtools/server/main.js:1291:58\nreceiveMessage@resource://devtools/shared/transport/child-transport.js:66:16\n"
JavaScript warning: https://static.adsafeprotected.com/sca.17.4.95.js, line 32: Array.slice is deprecated; use Array.prototype.slice instead
JavaScript warning: https://static.adsafeprotected.com/sca.17.4.95.js, line 32: Array.slice is deprecated; use Array.prototype.slice instead
JavaScript warning: https://static.adsafeprotected.com/sca.17.4.95.js, line 32: Array.slice is deprecated; use Array.prototype.slice instead
JavaScript warning: https://static.adsafeprotected.com/sca.17.4.95.js, line 32: Array.slice is deprecated; use Array.prototype.slice instead
console.error: "Error while calling actor 'layout's method 'getGrids'" "node is null"
console.error: "getGrids@resource://devtools/server/actors/layout.js:443:26\ngetGrids@resource://devtools/server/actors/layout.js:448:43\ngetGrids@resource://devtools/server/actors/layout.js:448:43\ngetGrids@resource://devtools/server/actors/layout.js:448:43\ngetGrids@resource://devtools/server/actors/layout.js:448:43\nhandler@resource://devtools/shared/protocol.js:1189:37\nonPacket@resource://devtools/server/main.js:1291:58\nreceiveMessage@resource://devtools/shared/transport/child-transport.js:66:16\n"
console.warn: "Error while detaching the thread front: 'detach' request packet to 'server1.conn1.child1/context18' can't be sent as the connection is closed."
[Parent 40168, Gecko_IOThread] WARNING: pipe error: 109: file z:/task_1563383129/build/src/ipc/chromium/src/chrome/common/ipc_channel_win.cc, line 341
[Parent 40168, Gecko_IOThread] WARNING: pipe error: 109: file z:/task_1563383129/build/src/ipc/chromium/src/chrome/common/ipc_channel_win.cc, line 341

###!!! [Child][RunMessage] Error: Channel error: cannot send/recv

[C[Child 33336, Chr
###!!! [Child][MessageChannel] Error: (msgtype=0x530005,name=PHttpChannel::Msg_Cancel) Channel closing: too late to send/recv, messages will be lost

ome_ChildThread] WARNING: pipe error: 109: file z:/ta
###!!! [Child][MessageChannel] Error: (msgtype=0x53000E,name=PHttpChannel::Msg_DeletingChannel) Channel closing: too late to send/recv, messages will be lost

sk_1563383129/build/src/ipc/ch
###!!! [Child][MessageChannel] Error: (msgtype=0x53000E,name=PHttpChannel::Msg_DeletingChannel) Channel closing: too late to send/recv, messages will be lost

romium/src/ch
###!!! [Child][MessageChannel] Error: (msgtype=0x53000E,name=PHttpChannel::Msg_DeletingChannel) Channel closing: too late to send/recv, messages will be lost

rome/common/ipc_channel_win.cc, line 341
[Child 33336, Chrome_ChildThread] WARNING: pipe error: 109: file z:/task_1563383129/build/src/ipc/chromium/src/chrome/common/ipc_channel_win.cc, line 341

###!!! [Child][MessageChannel] Error: (msgtype=0x530005,name=PHttpChannel::Msg_Cancel) Closed channel: cannot send/recv


###!!! [Child][MessageChannel] Error: (msgtype=0x530005,name=PHttpChannel::Msg_Cancel) Closed channel: cannot send/recv

[Child 65944, Chrome_ChildThread] WARNING: pipe error: 109: file z:/task_1563383129/build/src/ipc/chromium/src/chrome/common/ipc_channel_win.cc, line 341
[Child 65944, Chrome_ChildThre[Parent 40168, Gecko_IOThread] WARNING: pipe error: 109: file z:/task_1563383129/build/src/ipc/chromium/src/chrome/common/ipc_channel_win.cc, line 341
[Child 64368, Chrome_ChildThread] WARNING: pipe error: 109: file z:/task_1563383129/build/src/ipc/chromium/src/chrome/common/ipc_channel_win.cc, line 341
[Child 64368, Ch1564549071282	Marionette	INFO	Stopped listening on port 55980

###!!! [Child][RunMessage] Error: Channel closing: too late to send/recv, messages will be lost

[
###!!! [Child][MessageChannel::SendAndWait] Error: Channel error: cannot send/recv

1564550201402	mozrunner::runner	INFO	Running command: "C:\\Program Files (x86)\\Mozilla Firefox\\firefox.exe" "-marionette" "-foreground" "-no-remote" "-profile" "C:\\Users\\SCOTT_~1\\AppData\\Local\\Temp\\rust_mozprofile.fwMw06Kwy6nN"
1564550201808	addons.webextension.screenshots@mozilla.org	WARN	Loading extension 'screenshots@mozilla.org': Reading manifest: Invalid extension permission: mozillaAddons
1564550201808	addons.webextension.screenshots@mozilla.org	WARN	Loading extension 'screenshots@mozilla.org': Reading manifest: Invalid extension permission: telemetry
1564550201808	addons.webextension.screenshots@mozilla.org	WARN	Loading extension 'screenshots@mozilla.org': Reading manifest: Invalid extension permission: resource://pdf.js/
1564550201808	addons.webextension.screenshots@mozilla.org	WARN	Loading extension 'screenshots@mozilla.org': Reading manifest: Invalid extension permission: about:reader*
1564550203413	Marionette	INFO	Listening on port 57618
1564550203524	Marionette	WARN	TLS certificate errors will be ignored for this session
JavaScript warning: https://ajax.googleapis.com/ajax/libs/jquery/1.10.2/jquery.min.js, line 2: Using //@ to indicate sourceMappingURL pragmas is deprecated. Use //# instead
JavaScript warning: resource:///modules/UrlbarView.jsm, line 123: Array.reduce is deprecated; use Array.prototype.reduce instead
JavaScript warning: https://static.adsafeprotected.com/sca.17.4.95.js, line 32: Array.slice is deprecated; use Array.prototype.slice instead
JavaScript error: https://code.createjs.com/createjs-2015.11.26.min.js, line 13: NS_ERROR_FAILURE: 
JavaScript error: https://code.createjs.com/createjs-2015.11.26.min.js, line 13: NS_ERROR_FAILURE: 
JavaScript error: https://code.createjs.com/createjs-2015.11.26.min.js, line 13: NS_ERROR_FAILURE: 
JavaScript error: https://code.createjs.com/createjs-2015.11.26.min.js, line 13: NS_ERROR_FAILURE: 
JavaScript error: https://code.createjs.com/createjs-2015.11.26.min.js, line 13: NS_ERROR_FAILURE: 
JavaScript error: https://code.createjs.com/createjs-2015.11.26.min.js, line 13: NS_ERROR_FAILURE: 
JavaScript error: https://code.createjs.com/createjs-2015.11.26.min.js, line 13: NS_ERROR_FAILURE: 
JavaScript error: https://code.createjs.com/createjs-2015.11.26.min.js, line 13: NS_ERROR_FAILURE: 
JavaScript error: https://code.createjs.com/createjs-2015.11.26.min.js, line 13: NS_ERROR_FAILURE: 
JavaScript error: https://code.createjs.com/createjs-2015.11.26.min.js, line 13: NS_ERROR_FAILURE: 
JavaScript error: https://code.createjs.com/createjs-2015.11.26.min.js, line 13: NS_ERROR_FAILURE: 
JavaScript error: https://code.createjs.com/createjs-2015.11.26.min.js, line 13: NS_ERROR_FAILURE: 
JavaScript error: https://code.createjs.com/createjs-2015.11.26.min.js, line 13: NS_ERROR_FAILURE: 
JavaScript error: https://code.createjs.com/createjs-2015.11.26.min.js, line 13: NS_ERROR_FAILURE: 
JavaScript error: https://code.createjs.com/createjs-2015.11.26.min.js, line 13: NS_ERROR_FAILURE: 
JavaScript error: https://code.createjs.com/createjs-2015.11.26.min.js, line 13: NS_ERROR_FAILURE: 
JavaScript error: https://code.createjs.com/createjs-2015.11.26.min.js, line 13: NS_ERROR_FAILURE: 
JavaScript error: https://code.createjs.com/createjs-2015.11.26.min.js, line 13: NS_ERROR_FAILURE: 
JavaScript error: https://code.createjs.com/createjs-2015.11.26.min.js, line 13: NS_ERROR_FAILURE: 
JavaScript error: https://code.createjs.com/createjs-2015.11.26.min.js, line 13: NS_ERROR_FAILURE: 
JavaScript error: https://code.createjs.com/createjs-2015.11.26.min.js, line 13: NS_ERROR_FAILURE: 
JavaScript error: https://code.createjs.com/createjs-2015.11.26.min.js, line 13: NS_ERROR_FAILURE: 
JavaScript error: https://code.createjs.com/createjs-2015.11.26.min.js, line 13: NS_ERROR_FAILURE: 
JavaScript error: https://code.createjs.com/createjs-2015.11.26.min.js, line 13: NS_ERROR_FAILURE: 
JavaScript error: https://code.createjs.com/createjs-2015.11.26.min.js, line 13: NS_ERROR_FAILURE: 
JavaScript error: https://code.createjs.com/createjs-2015.11.26.min.js, line 13: NS_ERROR_FAILURE: 
JavaScript error: https://code.createjs.com/createjs-2015.11.26.min.js, line 13: NS_ERROR_FAILURE: 
JavaScript error: https://code.createjs.com/createjs-2015.11.26.min.js, line 13: NS_ERROR_FAILURE: 
JavaScript error: https://code.createjs.com/createjs-2015.11.26.min.js, line 13: NS_ERROR_FAILURE: 
JavaScript error: https://code.createjs.com/createjs-2015.11.26.min.js, line 13: NS_ERROR_FAILURE: 
JavaScript error: https://code.createjs.com/createjs-2015.11.26.min.js, line 13: NS_ERROR_FAILURE: 
JavaScript error: https://code.createjs.com/createjs-2015.11.26.min.js, line 13: NS_ERROR_FAILURE: 
JavaScript error: https://code.createjs.com/createjs-2015.11.26.min.js, line 13: NS_ERROR_FAILURE: 
JavaScript error: https://code.createjs.com/createjs-2015.11.26.min.js, line 13: NS_ERROR_FAILURE: 
JavaScript error: https://code.createjs.com/createjs-2015.11.26.min.js, line 13: NS_ERROR_FAILURE: 
JavaScript error: https://code.createjs.com/createjs-2015.11.26.min.js, line 13: NS_ERROR_FAILURE: 
JavaScript error: https://code.createjs.com/createjs-2015.11.26.min.js, line 13: NS_ERROR_FAILURE: 
JavaScript error: https://code.createjs.com/createjs-2015.11.26.min.js, line 13: NS_ERROR_FAILURE: 
JavaScript error: https://code.createjs.com/createjs-2015.11.26.min.js, line 13: NS_ERROR_FAILURE: 
JavaScript error: https://code.createjs.com/createjs-2015.11.26.min.js, line 13: NS_ERROR_FAILURE: 
JavaScript error: https://code.createjs.com/createjs-2015.11.26.min.js, line 13: NS_ERROR_FAILURE: 
JavaScript error: https://code.createjs.com/createjs-2015.11.26.min.js, line 13: NS_ERROR_FAILURE: 
JavaScript error: https://code.createjs.com/createjs-2015.11.26.min.js, line 13: NS_ERROR_FAILURE: 
JavaScript error: https://code.createjs.com/createjs-2015.11.26.min.js, line 13: NS_ERROR_FAILURE: 
JavaScript error: https://code.createjs.com/createjs-2015.11.26.min.js, line 13: NS_ERROR_FAILURE: 
JavaScript error: https://code.createjs.com/createjs-2015.11.26.min.js, line 13: NS_ERROR_FAILURE: 
JavaScript error: https://code.createjs.com/createjs-2015.11.26.min.js, line 13: NS_ERROR_FAILURE: 
JavaScript error: https://code.createjs.com/createjs-2015.11.26.min.js, line 13: NS_ERROR_FAILURE: 
JavaScript error: https://code.createjs.com/createjs-2015.11.26.min.js, line 13: NS_ERROR_FAILURE: 
JavaScript error: https://code.createjs.com/createjs-2015.11.26.min.js, line 13: NS_ERROR_FAILURE: 
JavaScript error: https://code.createjs.com/createjs-2015.11.26.min.js, line 13: NS_ERROR_FAILURE: 
JavaScript error: https://code.createjs.com/createjs-2015.11.26.min.js, line 13: NS_ERROR_FAILURE: 
JavaScript error: https://code.createjs.com/createjs-2015.11.26.min.js, line 13: NS_ERROR_FAILURE: 
JavaScript error: https://code.createjs.com/createjs-2015.11.26.min.js, line 13: NS_ERROR_FAILURE: 
JavaScript error: https://code.createjs.com/createjs-2015.11.26.min.js, line 13: NS_ERROR_FAILURE: 
JavaScript error: https://code.createjs.com/createjs-2015.11.26.min.js, line 13: NS_ERROR_FAILURE: 
JavaScript error: https://code.createjs.com/createjs-2015.11.26.min.js, line 13: NS_ERROR_FAILURE: 
JavaScript error: https://code.createjs.com/createjs-2015.11.26.min.js, line 13: NS_ERROR_FAILURE: 
JavaScript error: https://code.createjs.com/createjs-2015.11.26.min.js, line 13: NS_ERROR_FAILURE: 
JavaScript error: https://code.createjs.com/createjs-2015.11.26.min.js, line 13: NS_ERROR_FAILURE: 
JavaScript error: https://code.createjs.com/createjs-2015.11.26.min.js, line 13: NS_ERROR_FAILURE: 
JavaScript error: https://code.createjs.com/createjs-2015.11.26.min.js, line 13: NS_ERROR_FAILURE: 
JavaScript error: https://code.createjs.com/createjs-2015.11.26.min.js, line 13: NS_ERROR_FAILURE: 
JavaScript error: https://code.createjs.com/createjs-2015.11.26.min.js, line 13: NS_ERROR_FAILURE: 
JavaScript error: https://code.createjs.com/createjs-2015.11.26.min.js, line 13: NS_ERROR_FAILURE: 
JavaScript error: https://code.createjs.com/createjs-2015.11.26.min.js, line 13: NS_ERROR_FAILURE: 
JavaScript error: https://code.createjs.com/createjs-2015.11.26.min.js, line 13: NS_ERROR_FAILURE: 
JavaScript error: https://code.createjs.com/createjs-2015.11.26.min.js, line 13: NS_ERROR_FAILURE: 
JavaScript error: https://code.createjs.com/createjs-2015.11.26.min.js, line 13: NS_ERROR_FAILURE: 
JavaScript error: https://code.createjs.com/createjs-2015.11.26.min.js, line 13: NS_ERROR_FAILURE: 
JavaScript error: https://code.createjs.com/createjs-2015.11.26.min.js, line 13: NS_ERROR_FAILURE: 
JavaScript error: https://code.createjs.com/createjs-2015.11.26.min.js, line 13: NS_ERROR_FAILURE: 
JavaScript error: https://code.createjs.com/createjs-2015.11.26.min.js, line 13: NS_ERROR_FAILURE: 
JavaScript error: https://code.createjs.com/createjs-2015.11.26.min.js, line 13: NS_ERROR_FAILURE: 
JavaScript error: https://code.createjs.com/createjs-2015.11.26.min.js, line 13: NS_ERROR_FAILURE: 
JavaScript error: https://code.createjs.com/createjs-2015.11.26.min.js, line 13: NS_ERROR_FAILURE: 
JavaScript error: https://code.createjs.com/createjs-2015.11.26.min.js, line 13: NS_ERROR_FAILURE: 
JavaScript error: https://code.createjs.com/createjs-2015.11.26.min.js, line 13: NS_ERROR_FAILURE: 
JavaScript error: https://code.createjs.com/createjs-2015.11.26.min.js, line 13: NS_ERROR_FAILURE: 
JavaScript error: https://code.createjs.com/createjs-2015.11.26.min.js, line 13: NS_ERROR_FAILURE: 
JavaScript error: https://code.createjs.com/createjs-2015.11.26.min.js, line 13: NS_ERROR_FAILURE: 
JavaScript error: https://code.createjs.com/createjs-2015.11.26.min.js, line 13: NS_ERROR_FAILURE: 
JavaScript error: https://code.createjs.com/createjs-2015.11.26.min.js, line 13: NS_ERROR_FAILURE: 
JavaScript error: https://code.createjs.com/createjs-2015.11.26.min.js, line 13: NS_ERROR_FAILURE: 
JavaScript error: https://code.createjs.com/createjs-2015.11.26.min.js, line 13: NS_ERROR_FAILURE: 
JavaScript error: https://code.createjs.com/createjs-2015.11.26.min.js, line 13: NS_ERROR_FAILURE: 
JavaScript error: https://code.createjs.com/createjs-2015.11.26.min.js, line 13: NS_ERROR_FAILURE: 
JavaScript error: https://code.createjs.com/createjs-2015.11.26.min.js, line 13: NS_ERROR_FAILURE: 
JavaScript error: https://code.createjs.com/createjs-2015.11.26.min.js, line 13: NS_ERROR_FAILURE: 
JavaScript error: https://code.createjs.com/createjs-2015.11.26.min.js, line 13: NS_ERROR_FAILURE: 
JavaScript error: https://code.createjs.com/createjs-2015.11.26.min.js, line 13: NS_ERROR_FAILURE: 
JavaScript error: https://code.createjs.com/createjs-2015.11.26.min.js, line 13: NS_ERROR_FAILURE: 
JavaScript error: https://code.createjs.com/createjs-2015.11.26.min.js, line 13: NS_ERROR_FAILURE: 
JavaScript error: https://code.createjs.com/createjs-2015.11.26.min.js, line 13: NS_ERROR_FAILURE: 
JavaScript error: https://code.createjs.com/createjs-2015.11.26.min.js, line 13: NS_ERROR_FAILURE: 
JavaScript error: https://code.createjs.com/createjs-2015.11.26.min.js, line 13: NS_ERROR_FAILURE: 
JavaScript error: https://code.createjs.com/createjs-2015.11.26.min.js, line 13: NS_ERROR_FAILURE: 
JavaScript error: https://code.createjs.com/createjs-2015.11.26.min.js, line 13: NS_ERROR_FAILURE: 
JavaScript error: https://code.createjs.com/createjs-2015.11.26.min.js, line 13: NS_ERROR_FAILURE: 
JavaScript error: https://code.createjs.com/createjs-2015.11.26.min.js, line 13: NS_ERROR_FAILURE: 
JavaScript error: https://code.createjs.com/createjs-2015.11.26.min.js, line 13: NS_ERROR_FAILURE: 
JavaScript error: https://code.createjs.com/createjs-2015.11.26.min.js, line 13: NS_ERROR_FAILURE: 
JavaScript error: https://code.createjs.com/createjs-2015.11.26.min.js, line 13: NS_ERROR_FAILURE: 
JavaScript error: https://code.createjs.com/createjs-2015.11.26.min.js, line 13: NS_ERROR_FAILURE: 
JavaScript error: https://code.createjs.com/createjs-2015.11.26.min.js, line 13: NS_ERROR_FAILURE: 
JavaScript error: https://code.createjs.com/createjs-2015.11.26.min.js, line 13: NS_ERROR_FAILURE: 
JavaScript error: https://code.createjs.com/createjs-2015.11.26.min.js, line 13: NS_ERROR_FAILURE: 
JavaScript error: https://code.createjs.com/createjs-2015.11.26.min.js, line 13: NS_ERROR_FAILURE: 
JavaScript error: https://code.createjs.com/createjs-2015.11.26.min.js, line 13: NS_ERROR_FAILURE: 
JavaScript error: https://code.createjs.com/createjs-2015.11.26.min.js, line 13: NS_ERROR_FAILURE: 
JavaScript error: https://code.createjs.com/createjs-2015.11.26.min.js, line 13: NS_ERROR_FAILURE: 
JavaScript error: https://code.createjs.com/createjs-2015.11.26.min.js, line 13: NS_ERROR_FAILURE: 
JavaScript error: https://code.createjs.com/createjs-2015.11.26.min.js, line 13: NS_ERROR_FAILURE: 
JavaScript error: https://code.createjs.com/createjs-2015.11.26.min.js, line 13: NS_ERROR_FAILURE: 
JavaScript error: https://code.createjs.com/createjs-2015.11.26.min.js, line 13: NS_ERROR_FAILURE: 
JavaScript error: https://code.createjs.com/createjs-2015.11.26.min.js, line 13: NS_ERROR_FAILURE: 
JavaScript error: https://code.createjs.com/createjs-2015.11.26.min.js, line 13: NS_ERROR_FAILURE: 
JavaScript error: https://code.createjs.com/createjs-2015.11.26.min.js, line 13: NS_ERROR_FAILURE: 
JavaScript error: https://code.createjs.com/createjs-2015.11.26.min.js, line 13: NS_ERROR_FAILURE: 
JavaScript error: https://code.createjs.com/createjs-2015.11.26.min.js, line 13: NS_ERROR_FAILURE: 
JavaScript error: https://code.createjs.com/createjs-2015.11.26.min.js, line 13: NS_ERROR_FAILURE: 
JavaScript error: https://code.createjs.com/createjs-2015.11.26.min.js, line 13: NS_ERROR_FAILURE: 
JavaScript error: https://code.createjs.com/createjs-2015.11.26.min.js, line 13: NS_ERROR_FAILURE: 
JavaScript error: https://code.createjs.com/createjs-2015.11.26.min.js, line 13: NS_ERROR_FAILURE: 
JavaScript error: https://code.createjs.com/createjs-2015.11.26.min.js, line 13: NS_ERROR_FAILURE: 
JavaScript error: https://code.createjs.com/createjs-2015.11.26.min.js, line 13: NS_ERROR_FAILURE: 
JavaScript error: https://code.createjs.com/createjs-2015.11.26.min.js, line 13: NS_ERROR_FAILURE: 
JavaScript error: https://code.createjs.com/createjs-2015.11.26.min.js, line 13: NS_ERROR_FAILURE: 
JavaScript error: https://code.createjs.com/createjs-2015.11.26.min.js, line 13: NS_ERROR_FAILURE: 
JavaScript error: https://code.createjs.com/createjs-2015.11.26.min.js, line 13: NS_ERROR_FAILURE: 
JavaScript error: https://code.createjs.com/createjs-2015.11.26.min.js, line 13: NS_ERROR_FAILURE: 
JavaScript error: https://code.createjs.com/createjs-2015.11.26.min.js, line 13: NS_ERROR_FAILURE: 
JavaScript error: https://code.createjs.com/createjs-2015.11.26.min.js, line 13: NS_ERROR_FAILURE: 
JavaScript error: https://code.createjs.com/createjs-2015.11.26.min.js, line 13: NS_ERROR_FAILURE: 
JavaScript error: https://code.createjs.com/createjs-2015.11.26.min.js, line 13: NS_ERROR_FAILURE: 
JavaScript error: https://code.createjs.com/createjs-2015.11.26.min.js, line 13: NS_ERROR_FAILURE: 
JavaScript error: https://code.createjs.com/createjs-2015.11.26.min.js, line 13: NS_ERROR_FAILURE: 
JavaScript error: https://code.createjs.com/createjs-2015.11.26.min.js, line 13: NS_ERROR_FAILURE: 
JavaScript error: https://code.createjs.com/createjs-2015.11.26.min.js, line 13: NS_ERROR_FAILURE: 
JavaScript error: https://code.createjs.com/createjs-2015.11.26.min.js, line 13: NS_ERROR_FAILURE: 
JavaScript error: https://code.createjs.com/createjs-2015.11.26.min.js, line 13: NS_ERROR_FAILURE: 
JavaScript error: https://code.createjs.com/createjs-2015.11.26.min.js, line 13: NS_ERROR_FAILURE: 
JavaScript error: https://code.createjs.com/createjs-2015.11.26.min.js, line 13: NS_ERROR_FAILURE: 
JavaScript error: https://code.createjs.com/createjs-2015.11.26.min.js, line 13: NS_ERROR_FAILURE: 
JavaScript error: https://code.createjs.com/createjs-2015.11.26.min.js, line 13: NS_ERROR_FAILURE: 
JavaScript error: https://code.createjs.com/createjs-2015.11.26.min.js, line 13: NS_ERROR_FAILURE: 
JavaScript error: https://code.createjs.com/createjs-2015.11.26.min.js, line 13: NS_ERROR_FAILURE: 
console.error: BroadcastService: 
  receivedBroadcastMessage: handler for
  remote-settings/monitor_changes
  threw error:
  Message: Error: Polling for changes failed: http://%(server)s/dummy/blocklist//buckets/monitor/collections/changes/records?_expected=%221564532590680%22 is not a valid URL..
  Stack:
    remoteSettingsFunction/remoteSettings.pollChanges@resource://services-settings/remote-settings.js:201:13

JavaScript warning: https://www.dev2qa.com/wp-content/plugins/enlighter/resources/mootools-core-yc.js?ver=3.10.0, line 1: Array.forEach is deprecated; use Array.prototype.forEach instead
JavaScript warning: https://www.dev2qa.com/wp-content/plugins/enlighter/resources/mootools-core-yc.js?ver=3.10.0, line 1: Array.slice is deprecated; use Array.prototype.slice instead
JavaScript warning: https://static.adsafeprotected.com/sca.17.4.95.js, line 32: Array.slice is deprecated; use Array.prototype.slice instead
JavaScript warning: https://static.adsafeprotected.com/sca.17.4.95.js, line 32: Array.slice is deprecated; use Array.prototype.slice instead
JavaScript warning: https://static.adsafeprotected.com/sca.17.4.95.js, line 32: Array.slice is deprecated; use Array.prototype.slice instead
[Parent 45388, Gecko_IOThread] WARNING: pipe error: 109: file z:/task_1563383129/build/src/ipc/chromium/src/chrome/common/ipc_channel_win.cc, line 341
[Parent 45388, Gecko_IOThread] WARNING: pipe error: 109: file z:/task_1563383129/build/src/ipc/chromium/src/chrome/common/ipc_channel_win.cc, line 341

###!!! [Child][MessageChannel] Error: (msgtype=0x600027,name=PNecko::Msg_RemoveRequestContext) Channel closing: too late to send/recv, messages will be lost

[Child 40200, Chrome_ChildThread] WARNING: pipe error: 109: file z:/task_1563383129/build/src/ipc/chromium/src/chrome/common/ipc_channel_win.cc, line 341
[Child 40200, Chrome_ChildThread] WA[Parent 45388, Gecko_IOThread] WARNING: pipe error: 109: file z:/task_1563383129/build/src/ipc/chromium/src/chrome/common/ipc_channel_win.cc, line 341
[Parent 45388, Gecko_IOThread] WARNING: pipe error: 109: file z:/task_1563383129/build/src/ipc/chromium/src/chrome/common/ipc_channel_win.cc, line 341
[Child 71720, Chrome_ChildThread] WARNING: pipe error: 109: file z:/task_1563383129/build/src/ipc/chromium/src/chrome/common/ipc_channel_win.cc, line 341
[Child 71720, Chrome_ChildThread] WARNING[Child 50324, Chrome_ChildThread] WARNING: pipe error: 109: file z:/task_1563383129/build/src/ipc/chromium/src/chrome/common/ipc_channel_win.cc, line 341
[Child 50324, Chrome_ChildThread] WARNIN[Parent 45388, Gecko_IOThread] WARNING: pipe error: 109: file z:/task_1563383129/build/src/ipc/chromium/src/chrome/common/ipc_channel_win.cc, line 341
[Child 56324, Chrome_ChildThread] WARNING: pipe error: 109: file z:/task_1563383129/build/src/ipc/chromium/src/chrome/common/ipc_channel_win.cc, line 341
[Child 56324, Chrome_ChildThread] WARN1564551824837	Marionette	INFO	Stopped listening on port 57618

###!!! [Child][MessageChannel::SendAndWait] Error: Channel error: cannot send/recv

[Child][RunMessage] Error: Channel closing: too late to send/recv, messages will be lost

h
###!!! [Child][MessageChannel::SendAndWait] Error: Channel error: cannot send/recv

1564551670729	mozrunner::runner	INFO	Running command: "C:\\Program Files (x86)\\Mozilla Firefox\\firefox.exe" "-marionette" "-foreground" "-no-remote" "-profile" "C:\\Users\\SCOTT_~1\\AppData\\Local\\Temp\\rust_mozprofile.NI3lCTlHj27Y"
1564551671132	addons.webextension.screenshots@mozilla.org	WARN	Loading extension 'screenshots@mozilla.org': Reading manifest: Invalid extension permission: mozillaAddons
1564551671133	addons.webextension.screenshots@mozilla.org	WARN	Loading extension 'screenshots@mozilla.org': Reading manifest: Invalid extension permission: telemetry
1564551671133	addons.webextension.screenshots@mozilla.org	WARN	Loading extension 'screenshots@mozilla.org': Reading manifest: Invalid extension permission: resource://pdf.js/
1564551671133	addons.webextension.screenshots@mozilla.org	WARN	Loading extension 'screenshots@mozilla.org': Reading manifest: Invalid extension permission: about:reader*
1564551672735	Marionette	INFO	Listening on port 59408
1564551672852	Marionette	WARN	TLS certificate errors will be ignored for this session
[Parent 64808, Gecko_IOThread] WARNING: pipe error: 109: file z:/task_1563383129/build/src/ipc/chromium/src/chrome/common/ipc_channel_win.cc, line 341
[Child 46408, Chrome_ChildThread] WARNING: pipe error: 109: file z:/task_1563383129/build/src/ipc/chromium/src/chrome/common/ipc_channel_win.cc, line 341
[Child 45440, Chrome_ChildThread] WARNING: pipe error: 109: file z:/task_1563383129/build/src/ipc/chromium/src/chrome/common/ipc_channel_win.cc, line 341
[Child 45440, Chro[Parent 64808, Gecko_IOThread] WARNING: pipe error: 109: file z:/task_1563383129/build/src/ipc/chromium/src/chrome/common/ipc_channel_win.cc, line 341
[Child 57096, Chrome_ChildThread] WARNING: pipe error: 109: file z:/task_1563383129/build/src/ipc/chromium/src/chrome/common/ipc_channel_win.cc, line 341
[Child 57096, Chrome_ChildThread] WAR1564551677117	Marionette	INFO	Stopped listening on port 59408
[GPU 60652, Ch
###!!! [Child][RunMessage] Error: Channel closing: too late to send/recv, messages will be lost


###!!! [Child][MessageChannel::SendAndWait] Error: Channel error: cannot send/recv

1564555233451	mozrunner::runner	INFO	Running command: "C:\\Program Files (x86)\\Mozilla Firefox\\firefox.exe" "-marionette" "-foreground" "-no-remote" "-profile" "C:\\Users\\SCOTT_~1\\AppData\\Local\\Temp\\rust_mozprofile.ovGExbITD740"
1564555233854	addons.webextension.screenshots@mozilla.org	WARN	Loading extension 'screenshots@mozilla.org': Reading manifest: Invalid extension permission: mozillaAddons
1564555233854	addons.webextension.screenshots@mozilla.org	WARN	Loading extension 'screenshots@mozilla.org': Reading manifest: Invalid extension permission: telemetry
1564555233855	addons.webextension.screenshots@mozilla.org	WARN	Loading extension 'screenshots@mozilla.org': Reading manifest: Invalid extension permission: resource://pdf.js/
1564555233855	addons.webextension.screenshots@mozilla.org	WARN	Loading extension 'screenshots@mozilla.org': Reading manifest: Invalid extension permission: about:reader*
1564555235454	Marionette	INFO	Listening on port 61236
1564555235573	Marionette	WARN	TLS certificate errors will be ignored for this session
JavaScript error: https://s.yimg.com/wm/mbr/3fc9dd236a3fda22a77e215d649db819f22b032a/bundle.js, line 109: TypeError: e is null
JavaScript error: https://s.yimg.com/wm/mbr/3fc9dd236a3fda22a77e215d649db819f22b032a/bundle.js, line 109: TypeError: e is null
[Parent 71348, Gecko_IOThread] WARNING: pipe error: 109: file z:/task_1563383129/build/src/ipc/chromium/src/chrome/common/ipc_channel_win.cc, line 341
[Parent 71348, Gecko_IOThread] WARNING: pipe error: 109: file z:/task_1563383129/build/src/ipc/chromium/src/chrome/common/ipc_channel_win.cc, line 341

###!!! [Child][RunMessage] Error: Channel closing: too late to send/recv, messages will be lost

[Parent 71348, Gecko_IOThread] WARNING: pipe error: 109: file z:/task_1563383129/build/src/ipc/chromium/src/chrome/common/ipc_channel_win.cc, line 341
[Child 58564, Chrome_ChildThread] WARNING: pipe error: 109: file z:/task_1563383129/build/src/ipc/chromium/src/chrome/common/ipc_channel_win.cc, line 341
[Child 58564, C1564555321101	Marionette	INFO	Stopped listening on port 61236

###!!! [Child][RunMessage] Error: Channel closing: too late to send/recv, messages will be lost

[GPU 22860,
###!!! [Child][MessageChannel::SendAndWait] Error: Channel error: cannot send/recv

